#
# There is insufficient memory for the Java Runtime Environment to continue.
# Native memory allocation (mmap) failed to map 65536 bytes for Failed to commit metaspace.
# Possible reasons:
#   The system is out of physical RAM or swap space
#   The process is running with CompressedOops enabled, and the Java Heap may be blocking the growth of the native heap
# Possible solutions:
#   Reduce memory load on the system
#   Increase physical memory or swap space
#   Check if swap backing store is full
#   Decrease Java heap size (-Xmx/-Xms)
#   Decrease number of Java threads
#   Decrease Java thread stack sizes (-Xss)
#   Set larger code cache with -XX:ReservedCodeCacheSize=
#   JVM is running with Unscaled Compressed Oops mode in which the Java heap is
#     placed in the first 4GB address space. The Java Heap base address is the
#     maximum limit for the native heap growth. Please use -XX:HeapBaseMinAddress
#     to set the Java Heap base and to place the Java Heap above 4GB virtual address.
# This output file may be truncated or incomplete.
#
#  Out of Memory Error (virtualSpaceNode.cpp:110), pid=9936, tid=1244
#
# JRE version: OpenJDK Runtime Environment Temurin-17.0.8.1+1 (17.0.8.1+1) (build 17.0.8.1+1)
# Java VM: OpenJDK 64-Bit Server VM Temurin-17.0.8.1+1 (17.0.8.1+1, mixed mode, emulated-client, tiered, compressed oops, compressed class ptrs, g1 gc, windows-amd64)
# No core dump will be written. Minidumps are not enabled by default on client versions of Windows
#

---------------  S U M M A R Y ------------

Command Line: -Dcom.sun.management.jmxremote -Dcom.sun.management.jmxremote.port=62324 -Dcom.sun.management.jmxremote.authenticate=false -Dcom.sun.management.jmxremote.ssl=false -Djava.rmi.server.hostname=localhost -Dspring.jmx.enabled=true -Dmanagement.endpoints.jmx.exposure.include=* -Dspring.application.admin.enabled=true -XX:TieredStopAtLevel=1 -Dspring.boot.project.name=backendproject -Dfile.encoding=UTF-8 -Dstdout.encoding=UTF-8 -Dstderr.encoding=UTF-8 -XX:+ShowCodeDetailsInExceptionMessages com.aishu.www.BackendprojectApplication --spring.output.ansi.enabled=always

Host: Intel(R) Core(TM) i5-6200U CPU @ 2.30GHz, 4 cores, 7G,  Windows 10 , 64 bit Build 19041 (10.0.19041.3636)
Time: Wed Dec  6 18:33:41 2023 India Standard Time elapsed time: 1.390239 seconds (0d 0h 0m 1s)

---------------  T H R E A D  ---------------

Current thread (0x0000016dfdc11cf0):  JavaThread "main" [_thread_in_vm, id=1244, stack(0x0000005830900000,0x0000005830a00000)]

Stack: [0x0000005830900000,0x0000005830a00000]
Native frames: (J=compiled Java code, j=interpreted, Vv=VM code, C=native code)
V  [jvm.dll+0x678b0a]
V  [jvm.dll+0x835e84]
V  [jvm.dll+0x83762e]
V  [jvm.dll+0x837c93]
V  [jvm.dll+0x24746f]
V  [jvm.dll+0x831f1b]
V  [jvm.dll+0x61d3c6]
V  [jvm.dll+0x1c1aae]
V  [jvm.dll+0x61fd21]
V  [jvm.dll+0x61dd66]
V  [jvm.dll+0x23b9ff]
V  [jvm.dll+0x627c05]
V  [jvm.dll+0x1eb90b]
V  [jvm.dll+0x1ebe45]
V  [jvm.dll+0x1ec87f]
V  [jvm.dll+0x1e1d21]
V  [jvm.dll+0x53fba0]
V  [jvm.dll+0x7b1278]
V  [jvm.dll+0x7b1364]
V  [jvm.dll+0x40ecc5]
V  [jvm.dll+0x414e18]
C  [java.dll+0x17ec]

Java frames: (J=compiled Java code, j=interpreted, Vv=VM code)
J 1146  java.lang.ClassLoader.defineClass1(Ljava/lang/ClassLoader;Ljava/lang/String;[BIILjava/security/ProtectionDomain;Ljava/lang/String;)Ljava/lang/Class; java.base@17.0.8.1 (0 bytes) @ 0x0000016d839ca45b [0x0000016d839ca3a0+0x00000000000000bb]
J 1253 c1 java.lang.ClassLoader.defineClass(Ljava/lang/String;[BIILjava/security/ProtectionDomain;)Ljava/lang/Class; java.base@17.0.8.1 (43 bytes) @ 0x0000016d839f4f5c [0x0000016d839f4e60+0x00000000000000fc]
J 1164 c1 jdk.internal.loader.BuiltinClassLoader.defineClass(Ljava/lang/String;Ljdk/internal/loader/Resource;)Ljava/lang/Class; java.base@17.0.8.1 (121 bytes) @ 0x0000016d839d4e44 [0x0000016d839d49a0+0x00000000000004a4]
J 1162 c1 jdk.internal.loader.BuiltinClassLoader.findClassOnClassPathOrNull(Ljava/lang/String;)Ljava/lang/Class; java.base@17.0.8.1 (64 bytes) @ 0x0000016d839d3044 [0x0000016d839d2da0+0x00000000000002a4]
J 942 c1 jdk.internal.loader.BuiltinClassLoader.loadClassOrNull(Ljava/lang/String;Z)Ljava/lang/Class; java.base@17.0.8.1 (143 bytes) @ 0x0000016d8396cec4 [0x0000016d8396ca80+0x0000000000000444]
J 1071 c1 jdk.internal.loader.ClassLoaders$AppClassLoader.loadClass(Ljava/lang/String;Z)Ljava/lang/Class; java.base@17.0.8.1 (40 bytes) @ 0x0000016d839a8e24 [0x0000016d839a8ce0+0x0000000000000144]
J 1062 c1 java.lang.ClassLoader.loadClass(Ljava/lang/String;)Ljava/lang/Class; java.base@17.0.8.1 (7 bytes) @ 0x0000016d839a68e4 [0x0000016d839a68a0+0x0000000000000044]
v  ~StubRoutines::call_stub
j  org.yaml.snakeyaml.TypeDescription.<clinit>()V+8
v  ~StubRoutines::call_stub
j  org.yaml.snakeyaml.constructor.BaseConstructor.<init>(Lorg/yaml/snakeyaml/LoaderOptions;)V+150
j  org.yaml.snakeyaml.constructor.SafeConstructor.<init>(Lorg/yaml/snakeyaml/LoaderOptions;)V+2
j  org.springframework.boot.env.OriginTrackedYamlLoader$OriginTrackingConstructor.<init>(Lorg/springframework/boot/env/OriginTrackedYamlLoader;Lorg/yaml/snakeyaml/LoaderOptions;)V+7
j  org.springframework.boot.env.OriginTrackedYamlLoader.createYaml(Lorg/yaml/snakeyaml/LoaderOptions;)Lorg/yaml/snakeyaml/Yaml;+6
j  org.springframework.boot.env.OriginTrackedYamlLoader.createYaml()Lorg/yaml/snakeyaml/Yaml;+32
j  org.springframework.beans.factory.config.YamlProcessor.process(Lorg/springframework/beans/factory/config/YamlProcessor$MatchCallback;)V+1
j  org.springframework.boot.env.OriginTrackedYamlLoader.load()Ljava/util/List;+16
j  org.springframework.boot.env.YamlPropertySourceLoader.load(Ljava/lang/String;Lorg/springframework/core/io/Resource;)Ljava/util/List;+37
j  org.springframework.boot.context.config.StandardConfigDataLoader.load(Lorg/springframework/boot/context/config/ConfigDataLoaderContext;Lorg/springframework/boot/context/config/StandardConfigDataResource;)Lorg/springframework/boot/context/config/ConfigData;+70
j  org.springframework.boot.context.config.StandardConfigDataLoader.load(Lorg/springframework/boot/context/config/ConfigDataLoaderContext;Lorg/springframework/boot/context/config/ConfigDataResource;)Lorg/springframework/boot/context/config/ConfigData;+6
j  org.springframework.boot.context.config.ConfigDataLoaders.load(Lorg/springframework/boot/context/config/ConfigDataLoaderContext;Lorg/springframework/boot/context/config/ConfigDataResource;)Lorg/springframework/boot/context/config/ConfigData;+29
j  org.springframework.boot.context.config.ConfigDataImporter.load(Lorg/springframework/boot/context/config/ConfigDataLoaderContext;Ljava/util/List;)Ljava/util/Map;+142
j  org.springframework.boot.context.config.ConfigDataImporter.resolveAndLoad(Lorg/springframework/boot/context/config/ConfigDataActivationContext;Lorg/springframework/boot/context/config/ConfigDataLocationResolverContext;Lorg/springframework/boot/context/config/ConfigDataLoaderContext;Ljava/util/List;)Ljava/util/Map;+29
j  org.springframework.boot.context.config.ConfigDataEnvironmentContributors.withProcessedImports(Lorg/springframework/boot/context/config/ConfigDataImporter;Lorg/springframework/boot/context/config/ConfigDataActivationContext;)Lorg/springframework/boot/context/config/ConfigDataEnvironmentContributors;+181
j  org.springframework.boot.context.config.ConfigDataEnvironment.processInitial(Lorg/springframework/boot/context/config/ConfigDataEnvironmentContributors;Lorg/springframework/boot/context/config/ConfigDataImporter;)Lorg/springframework/boot/context/config/ConfigDataEnvironmentContributors;+15
j  org.springframework.boot.context.config.ConfigDataEnvironment.processAndApply()V+42
j  org.springframework.boot.context.config.ConfigDataEnvironmentPostProcessor.postProcessEnvironment(Lorg/springframework/core/env/ConfigurableEnvironment;Lorg/springframework/core/io/ResourceLoader;Ljava/util/Collection;)V+34
j  org.springframework.boot.context.config.ConfigDataEnvironmentPostProcessor.postProcessEnvironment(Lorg/springframework/core/env/ConfigurableEnvironment;Lorg/springframework/boot/SpringApplication;)V+10
j  org.springframework.boot.env.EnvironmentPostProcessorApplicationListener.onApplicationEnvironmentPreparedEvent(Lorg/springframework/boot/context/event/ApplicationEnvironmentPreparedEvent;)V+55
j  org.springframework.boot.env.EnvironmentPostProcessorApplicationListener.onApplicationEvent(Lorg/springframework/context/ApplicationEvent;)V+14
j  org.springframework.context.event.SimpleApplicationEventMulticaster.doInvokeListener(Lorg/springframework/context/ApplicationListener;Lorg/springframework/context/ApplicationEvent;)V+2
j  org.springframework.context.event.SimpleApplicationEventMulticaster.invokeListener(Lorg/springframework/context/ApplicationListener;Lorg/springframework/context/ApplicationEvent;)V+34
j  org.springframework.context.event.SimpleApplicationEventMulticaster.multicastEvent(Lorg/springframework/context/ApplicationEvent;Lorg/springframework/core/ResolvableType;)V+92
j  org.springframework.context.event.SimpleApplicationEventMulticaster.multicastEvent(Lorg/springframework/context/ApplicationEvent;)V+3
j  org.springframework.boot.context.event.EventPublishingRunListener.multicastInitialEvent(Lorg/springframework/context/ApplicationEvent;)V+9
j  org.springframework.boot.context.event.EventPublishingRunListener.environmentPrepared(Lorg/springframework/boot/ConfigurableBootstrapContext;Lorg/springframework/core/env/ConfigurableEnvironment;)V+18
j  org.springframework.boot.SpringApplicationRunListeners.lambda$environmentPrepared$2(Lorg/springframework/boot/ConfigurableBootstrapContext;Lorg/springframework/core/env/ConfigurableEnvironment;Lorg/springframework/boot/SpringApplicationRunListener;)V+3
j  org.springframework.boot.SpringApplicationRunListeners$$Lambda$184+0x000000010020e6a8.accept(Ljava/lang/Object;)V+12
j  java.lang.Iterable.forEach(Ljava/util/function/Consumer;)V+30 java.base@17.0.8.1
j  org.springframework.boot.SpringApplicationRunListeners.doWithListeners(Ljava/lang/String;Ljava/util/function/Consumer;Ljava/util/function/Consumer;)V+17
j  org.springframework.boot.SpringApplicationRunListeners.doWithListeners(Ljava/lang/String;Ljava/util/function/Consumer;)V+4
j  org.springframework.boot.SpringApplicationRunListeners.environmentPrepared(Lorg/springframework/boot/ConfigurableBootstrapContext;Lorg/springframework/core/env/ConfigurableEnvironment;)V+10
j  org.springframework.boot.SpringApplication.prepareEnvironment(Lorg/springframework/boot/SpringApplicationRunListeners;Lorg/springframework/boot/DefaultBootstrapContext;Lorg/springframework/boot/ApplicationArguments;)Lorg/springframework/core/env/ConfigurableEnvironment;+27
j  org.springframework.boot.SpringApplication.run([Ljava/lang/String;)Lorg/springframework/context/ConfigurableApplicationContext;+62
j  org.springframework.boot.SpringApplication.run([Ljava/lang/Class;[Ljava/lang/String;)Lorg/springframework/context/ConfigurableApplicationContext;+9
j  org.springframework.boot.SpringApplication.run(Ljava/lang/Class;[Ljava/lang/String;)Lorg/springframework/context/ConfigurableApplicationContext;+9
j  com.aishu.www.BackendprojectApplication.main([Ljava/lang/String;)V+3
v  ~StubRoutines::call_stub

---------------  P R O C E S S  ---------------

Threads class SMR info:
_java_thread_list=0x0000016d91832ed0, length=20, elements={
0x0000016dfdc11cf0, 0x0000016dfecfd260, 0x0000016dfecfdfb0, 0x0000016dfece63b0,
0x0000016dfece6d80, 0x0000016dfece7650, 0x0000016dfece7f20, 0x0000016dfece88a0,
0x0000016d8c5778c0, 0x0000016dfec5de40, 0x0000016d8c67eb10, 0x0000016d8c67f210,
0x0000016d8c71a7f0, 0x0000016d913ac570, 0x0000016d91333510, 0x0000016d913c5020,
0x0000016d917d2fc0, 0x0000016d917e4490, 0x0000016d91842100, 0x0000016d918411d0
}

Java Threads: ( => current thread )
=>0x0000016dfdc11cf0 JavaThread "main" [_thread_in_vm, id=1244, stack(0x0000005830900000,0x0000005830a00000)]
  0x0000016dfecfd260 JavaThread "Reference Handler" daemon [_thread_blocked, id=4796, stack(0x0000005831000000,0x0000005831100000)]
  0x0000016dfecfdfb0 JavaThread "Finalizer" daemon [_thread_blocked, id=11516, stack(0x0000005831100000,0x0000005831200000)]
  0x0000016dfece63b0 JavaThread "Signal Dispatcher" daemon [_thread_blocked, id=15084, stack(0x0000005831200000,0x0000005831300000)]
  0x0000016dfece6d80 JavaThread "Attach Listener" daemon [_thread_blocked, id=7204, stack(0x0000005831300000,0x0000005831400000)]
  0x0000016dfece7650 JavaThread "Service Thread" daemon [_thread_blocked, id=3712, stack(0x0000005831400000,0x0000005831500000)]
  0x0000016dfece7f20 JavaThread "Monitor Deflation Thread" daemon [_thread_blocked, id=4020, stack(0x0000005831500000,0x0000005831600000)]
  0x0000016dfece88a0 JavaThread "C1 CompilerThread0" daemon [_thread_blocked, id=8324, stack(0x0000005831600000,0x0000005831700000)]
  0x0000016d8c5778c0 JavaThread "Sweeper thread" daemon [_thread_blocked, id=14656, stack(0x0000005831700000,0x0000005831800000)]
  0x0000016dfec5de40 JavaThread "Common-Cleaner" daemon [_thread_blocked, id=2660, stack(0x0000005831800000,0x0000005831900000)]
  0x0000016d8c67eb10 JavaThread "C1 CompilerThread1" daemon [_thread_blocked, id=10944, stack(0x0000005831900000,0x0000005831a00000)]
  0x0000016d8c67f210 JavaThread "C1 CompilerThread2" daemon [_thread_blocked, id=3776, stack(0x0000005831a00000,0x0000005831b00000)]
  0x0000016d8c71a7f0 JavaThread "Notification Thread" daemon [_thread_blocked, id=9988, stack(0x0000005831b00000,0x0000005831c00000)]
  0x0000016d913ac570 JavaThread "RMI TCP Accept-0" daemon [_thread_in_native, id=8240, stack(0x0000005831d00000,0x0000005831e00000)]
  0x0000016d91333510 JavaThread "RMI TCP Accept-62324" daemon [_thread_in_native, id=7652, stack(0x0000005831e00000,0x0000005831f00000)]
  0x0000016d913c5020 JavaThread "RMI TCP Accept-0" daemon [_thread_in_native, id=13436, stack(0x0000005831f00000,0x0000005832000000)]
  0x0000016d917d2fc0 JavaThread "RMI TCP Connection(1)-127.0.0.1" daemon [_thread_in_native, id=10244, stack(0x0000005832600000,0x0000005832700000)]
  0x0000016d917e4490 JavaThread "RMI Scheduler(0)" daemon [_thread_blocked, id=9480, stack(0x0000005832700000,0x0000005832800000)]
  0x0000016d91842100 JavaThread "RMI TCP Connection(2)-127.0.0.1" daemon [_thread_in_native, id=7680, stack(0x0000005832800000,0x0000005832900000)]
  0x0000016d918411d0 JavaThread "JMX server connection timeout 21" daemon [_thread_blocked, id=11952, stack(0x0000005832900000,0x0000005832a00000)]

Other Threads:
  0x0000016dfecbfa80 VMThread "VM Thread" [stack: 0x0000005830f00000,0x0000005831000000] [id=8872]
  0x0000016dfdc136d0 WatcherThread [stack: 0x0000005832000000,0x0000005832100000] [id=2676]
  0x0000016dfdc6eac0 GCTaskThread "GC Thread#0" [stack: 0x0000005830a00000,0x0000005830b00000] [id=7456]
  0x0000016d91466e40 GCTaskThread "GC Thread#1" [stack: 0x0000005832100000,0x0000005832200000] [id=12840]
  0x0000016d91411860 GCTaskThread "GC Thread#2" [stack: 0x0000005832200000,0x0000005832300000] [id=7540]
  0x0000016d914811c0 GCTaskThread "GC Thread#3" [stack: 0x0000005832300000,0x0000005832400000] [id=13640]
  0x0000016dfdc7f440 ConcurrentGCThread "G1 Main Marker" [stack: 0x0000005830b00000,0x0000005830c00000] [id=14240]
  0x0000016dfdc7fc00 ConcurrentGCThread "G1 Conc#0" [stack: 0x0000005830c00000,0x0000005830d00000] [id=13296]
  0x0000016dfdcc44d0 ConcurrentGCThread "G1 Refine#0" [stack: 0x0000005830d00000,0x0000005830e00000] [id=8244]
  0x0000016d91411b20 ConcurrentGCThread "G1 Refine#1" [stack: 0x0000005832400000,0x0000005832500000] [id=6560]
  0x0000016d8c84e210 ConcurrentGCThread "G1 Refine#2" [stack: 0x0000005832500000,0x0000005832600000] [id=7792]
  0x0000016dfeb324c0 ConcurrentGCThread "G1 Service" [stack: 0x0000005830e00000,0x0000005830f00000] [id=11292]

Threads with active compile tasks:

VM state: not at safepoint (normal execution)

VM Mutex/Monitor currently owned by a thread:  ([mutex/lock_event])
[0x0000016dfdc0db80] Metaspace_lock - owner thread: 0x0000016dfdc11cf0

Heap address: 0x0000000081c00000, size: 2020 MB, Compressed Oops mode: 32-bit

CDS archive(s) not mapped
Compressed class space mapped at: 0x0000000100000000-0x0000000140000000, reserved size: 1073741824
Narrow klass base: 0x0000000000000000, Narrow klass shift: 3, Narrow klass range: 0x140000000

GC Precious Log:
 CPUs: 4 total, 4 available
 Memory: 8074M
 Large Page Support: Disabled
 NUMA Support: Disabled
 Compressed Oops: Enabled (32-bit)
 Heap Region Size: 1M
 Heap Min Capacity: 8M
 Heap Initial Capacity: 128M
 Heap Max Capacity: 2020M
 Pre-touch: Disabled
 Parallel Workers: 4
 Concurrent Workers: 1
 Concurrent Refinement Workers: 4
 Periodic GC: Disabled

Heap:
 garbage-first heap   total 131072K, used 14027K [0x0000000081c00000, 0x0000000100000000)
  region size 1024K, 9 young (9216K), 2 survivors (2048K)
 Metaspace       used 18464K, committed 18688K, reserved 1114112K
  class space    used 2075K, committed 2176K, reserved 1048576K

Heap Regions: E=young(eden), S=young(survivor), O=old, HS=humongous(starts), HC=humongous(continues), CS=collection set, F=free, OA=open archive, CA=closed archive, TAMS=top-at-mark-start (previous, next)
|   0|0x0000000081c00000, 0x0000000081d00000, 0x0000000081d00000|100%|HS|  |TAMS 0x0000000081c00000, 0x0000000081c00000| Complete 
|   1|0x0000000081d00000, 0x0000000081e00000, 0x0000000081e00000|100%| O|  |TAMS 0x0000000081d00000, 0x0000000081d00000| Untracked 
|   2|0x0000000081e00000, 0x0000000081f00000, 0x0000000081f00000|100%| O|  |TAMS 0x0000000081e00000, 0x0000000081e00000| Untracked 
|   3|0x0000000081f00000, 0x0000000082000000, 0x0000000082000000|100%| O|  |TAMS 0x0000000081f00000, 0x0000000081f00000| Untracked 
|   4|0x0000000082000000, 0x0000000082100000, 0x0000000082100000|100%| O|  |TAMS 0x0000000082000000, 0x0000000082000000| Untracked 
|   5|0x0000000082100000, 0x0000000082200000, 0x0000000082200000|100%| O|  |TAMS 0x0000000082100000, 0x0000000082100000| Untracked 
|   6|0x0000000082200000, 0x0000000082264200, 0x0000000082300000| 39%| O|  |TAMS 0x0000000082200000, 0x0000000082200000| Untracked 
|   7|0x0000000082300000, 0x0000000082300000, 0x0000000082400000|  0%| F|  |TAMS 0x0000000082300000, 0x0000000082300000| Untracked 
|   8|0x0000000082400000, 0x0000000082400000, 0x0000000082500000|  0%| F|  |TAMS 0x0000000082400000, 0x0000000082400000| Untracked 
|   9|0x0000000082500000, 0x0000000082500000, 0x0000000082600000|  0%| F|  |TAMS 0x0000000082500000, 0x0000000082500000| Untracked 
|  10|0x0000000082600000, 0x0000000082600000, 0x0000000082700000|  0%| F|  |TAMS 0x0000000082600000, 0x0000000082600000| Untracked 
|  11|0x0000000082700000, 0x0000000082700000, 0x0000000082800000|  0%| F|  |TAMS 0x0000000082700000, 0x0000000082700000| Untracked 
|  12|0x0000000082800000, 0x0000000082800000, 0x0000000082900000|  0%| F|  |TAMS 0x0000000082800000, 0x0000000082800000| Untracked 
|  13|0x0000000082900000, 0x0000000082900000, 0x0000000082a00000|  0%| F|  |TAMS 0x0000000082900000, 0x0000000082900000| Untracked 
|  14|0x0000000082a00000, 0x0000000082a00000, 0x0000000082b00000|  0%| F|  |TAMS 0x0000000082a00000, 0x0000000082a00000| Untracked 
|  15|0x0000000082b00000, 0x0000000082b00000, 0x0000000082c00000|  0%| F|  |TAMS 0x0000000082b00000, 0x0000000082b00000| Untracked 
|  16|0x0000000082c00000, 0x0000000082c00000, 0x0000000082d00000|  0%| F|  |TAMS 0x0000000082c00000, 0x0000000082c00000| Untracked 
|  17|0x0000000082d00000, 0x0000000082d00000, 0x0000000082e00000|  0%| F|  |TAMS 0x0000000082d00000, 0x0000000082d00000| Untracked 
|  18|0x0000000082e00000, 0x0000000082e00000, 0x0000000082f00000|  0%| F|  |TAMS 0x0000000082e00000, 0x0000000082e00000| Untracked 
|  19|0x0000000082f00000, 0x0000000082f00000, 0x0000000083000000|  0%| F|  |TAMS 0x0000000082f00000, 0x0000000082f00000| Untracked 
|  20|0x0000000083000000, 0x0000000083000000, 0x0000000083100000|  0%| F|  |TAMS 0x0000000083000000, 0x0000000083000000| Untracked 
|  21|0x0000000083100000, 0x0000000083100000, 0x0000000083200000|  0%| F|  |TAMS 0x0000000083100000, 0x0000000083100000| Untracked 
|  22|0x0000000083200000, 0x0000000083200000, 0x0000000083300000|  0%| F|  |TAMS 0x0000000083200000, 0x0000000083200000| Untracked 
|  23|0x0000000083300000, 0x0000000083300000, 0x0000000083400000|  0%| F|  |TAMS 0x0000000083300000, 0x0000000083300000| Untracked 
|  24|0x0000000083400000, 0x0000000083400000, 0x0000000083500000|  0%| F|  |TAMS 0x0000000083400000, 0x0000000083400000| Untracked 
|  25|0x0000000083500000, 0x0000000083500000, 0x0000000083600000|  0%| F|  |TAMS 0x0000000083500000, 0x0000000083500000| Untracked 
|  26|0x0000000083600000, 0x0000000083600000, 0x0000000083700000|  0%| F|  |TAMS 0x0000000083600000, 0x0000000083600000| Untracked 
|  27|0x0000000083700000, 0x0000000083700000, 0x0000000083800000|  0%| F|  |TAMS 0x0000000083700000, 0x0000000083700000| Untracked 
|  28|0x0000000083800000, 0x0000000083800000, 0x0000000083900000|  0%| F|  |TAMS 0x0000000083800000, 0x0000000083800000| Untracked 
|  29|0x0000000083900000, 0x0000000083900000, 0x0000000083a00000|  0%| F|  |TAMS 0x0000000083900000, 0x0000000083900000| Untracked 
|  30|0x0000000083a00000, 0x0000000083a00000, 0x0000000083b00000|  0%| F|  |TAMS 0x0000000083a00000, 0x0000000083a00000| Untracked 
|  31|0x0000000083b00000, 0x0000000083b00000, 0x0000000083c00000|  0%| F|  |TAMS 0x0000000083b00000, 0x0000000083b00000| Untracked 
|  32|0x0000000083c00000, 0x0000000083c00000, 0x0000000083d00000|  0%| F|  |TAMS 0x0000000083c00000, 0x0000000083c00000| Untracked 
|  33|0x0000000083d00000, 0x0000000083d00000, 0x0000000083e00000|  0%| F|  |TAMS 0x0000000083d00000, 0x0000000083d00000| Untracked 
|  34|0x0000000083e00000, 0x0000000083e00000, 0x0000000083f00000|  0%| F|  |TAMS 0x0000000083e00000, 0x0000000083e00000| Untracked 
|  35|0x0000000083f00000, 0x0000000083f00000, 0x0000000084000000|  0%| F|  |TAMS 0x0000000083f00000, 0x0000000083f00000| Untracked 
|  36|0x0000000084000000, 0x0000000084000000, 0x0000000084100000|  0%| F|  |TAMS 0x0000000084000000, 0x0000000084000000| Untracked 
|  37|0x0000000084100000, 0x0000000084100000, 0x0000000084200000|  0%| F|  |TAMS 0x0000000084100000, 0x0000000084100000| Untracked 
|  38|0x0000000084200000, 0x0000000084200000, 0x0000000084300000|  0%| F|  |TAMS 0x0000000084200000, 0x0000000084200000| Untracked 
|  39|0x0000000084300000, 0x0000000084300000, 0x0000000084400000|  0%| F|  |TAMS 0x0000000084300000, 0x0000000084300000| Untracked 
|  40|0x0000000084400000, 0x0000000084400000, 0x0000000084500000|  0%| F|  |TAMS 0x0000000084400000, 0x0000000084400000| Untracked 
|  41|0x0000000084500000, 0x0000000084500000, 0x0000000084600000|  0%| F|  |TAMS 0x0000000084500000, 0x0000000084500000| Untracked 
|  42|0x0000000084600000, 0x0000000084600000, 0x0000000084700000|  0%| F|  |TAMS 0x0000000084600000, 0x0000000084600000| Untracked 
|  43|0x0000000084700000, 0x0000000084700000, 0x0000000084800000|  0%| F|  |TAMS 0x0000000084700000, 0x0000000084700000| Untracked 
|  44|0x0000000084800000, 0x0000000084800000, 0x0000000084900000|  0%| F|  |TAMS 0x0000000084800000, 0x0000000084800000| Untracked 
|  45|0x0000000084900000, 0x0000000084900000, 0x0000000084a00000|  0%| F|  |TAMS 0x0000000084900000, 0x0000000084900000| Untracked 
|  46|0x0000000084a00000, 0x0000000084a00000, 0x0000000084b00000|  0%| F|  |TAMS 0x0000000084a00000, 0x0000000084a00000| Untracked 
|  47|0x0000000084b00000, 0x0000000084b00000, 0x0000000084c00000|  0%| F|  |TAMS 0x0000000084b00000, 0x0000000084b00000| Untracked 
|  48|0x0000000084c00000, 0x0000000084c00000, 0x0000000084d00000|  0%| F|  |TAMS 0x0000000084c00000, 0x0000000084c00000| Untracked 
|  49|0x0000000084d00000, 0x0000000084d00000, 0x0000000084e00000|  0%| F|  |TAMS 0x0000000084d00000, 0x0000000084d00000| Untracked 
|  50|0x0000000084e00000, 0x0000000084e00000, 0x0000000084f00000|  0%| F|  |TAMS 0x0000000084e00000, 0x0000000084e00000| Untracked 
|  51|0x0000000084f00000, 0x0000000084f00000, 0x0000000085000000|  0%| F|  |TAMS 0x0000000084f00000, 0x0000000084f00000| Untracked 
|  52|0x0000000085000000, 0x0000000085000000, 0x0000000085100000|  0%| F|  |TAMS 0x0000000085000000, 0x0000000085000000| Untracked 
|  53|0x0000000085100000, 0x0000000085100000, 0x0000000085200000|  0%| F|  |TAMS 0x0000000085100000, 0x0000000085100000| Untracked 
|  54|0x0000000085200000, 0x0000000085200000, 0x0000000085300000|  0%| F|  |TAMS 0x0000000085200000, 0x0000000085200000| Untracked 
|  55|0x0000000085300000, 0x0000000085300000, 0x0000000085400000|  0%| F|  |TAMS 0x0000000085300000, 0x0000000085300000| Untracked 
|  56|0x0000000085400000, 0x0000000085400000, 0x0000000085500000|  0%| F|  |TAMS 0x0000000085400000, 0x0000000085400000| Untracked 
|  57|0x0000000085500000, 0x0000000085500000, 0x0000000085600000|  0%| F|  |TAMS 0x0000000085500000, 0x0000000085500000| Untracked 
|  58|0x0000000085600000, 0x0000000085600000, 0x0000000085700000|  0%| F|  |TAMS 0x0000000085600000, 0x0000000085600000| Untracked 
|  59|0x0000000085700000, 0x0000000085700000, 0x0000000085800000|  0%| F|  |TAMS 0x0000000085700000, 0x0000000085700000| Untracked 
|  60|0x0000000085800000, 0x0000000085800000, 0x0000000085900000|  0%| F|  |TAMS 0x0000000085800000, 0x0000000085800000| Untracked 
|  61|0x0000000085900000, 0x0000000085900000, 0x0000000085a00000|  0%| F|  |TAMS 0x0000000085900000, 0x0000000085900000| Untracked 
|  62|0x0000000085a00000, 0x0000000085a00000, 0x0000000085b00000|  0%| F|  |TAMS 0x0000000085a00000, 0x0000000085a00000| Untracked 
|  63|0x0000000085b00000, 0x0000000085b00000, 0x0000000085c00000|  0%| F|  |TAMS 0x0000000085b00000, 0x0000000085b00000| Untracked 
|  64|0x0000000085c00000, 0x0000000085c00000, 0x0000000085d00000|  0%| F|  |TAMS 0x0000000085c00000, 0x0000000085c00000| Untracked 
|  65|0x0000000085d00000, 0x0000000085d00000, 0x0000000085e00000|  0%| F|  |TAMS 0x0000000085d00000, 0x0000000085d00000| Untracked 
|  66|0x0000000085e00000, 0x0000000085e00000, 0x0000000085f00000|  0%| F|  |TAMS 0x0000000085e00000, 0x0000000085e00000| Untracked 
|  67|0x0000000085f00000, 0x0000000085f00000, 0x0000000086000000|  0%| F|  |TAMS 0x0000000085f00000, 0x0000000085f00000| Untracked 
|  68|0x0000000086000000, 0x0000000086000000, 0x0000000086100000|  0%| F|  |TAMS 0x0000000086000000, 0x0000000086000000| Untracked 
|  69|0x0000000086100000, 0x0000000086100000, 0x0000000086200000|  0%| F|  |TAMS 0x0000000086100000, 0x0000000086100000| Untracked 
|  70|0x0000000086200000, 0x0000000086200000, 0x0000000086300000|  0%| F|  |TAMS 0x0000000086200000, 0x0000000086200000| Untracked 
|  71|0x0000000086300000, 0x0000000086300000, 0x0000000086400000|  0%| F|  |TAMS 0x0000000086300000, 0x0000000086300000| Untracked 
|  72|0x0000000086400000, 0x0000000086400000, 0x0000000086500000|  0%| F|  |TAMS 0x0000000086400000, 0x0000000086400000| Untracked 
|  73|0x0000000086500000, 0x0000000086500000, 0x0000000086600000|  0%| F|  |TAMS 0x0000000086500000, 0x0000000086500000| Untracked 
|  74|0x0000000086600000, 0x0000000086600000, 0x0000000086700000|  0%| F|  |TAMS 0x0000000086600000, 0x0000000086600000| Untracked 
|  75|0x0000000086700000, 0x0000000086700000, 0x0000000086800000|  0%| F|  |TAMS 0x0000000086700000, 0x0000000086700000| Untracked 
|  76|0x0000000086800000, 0x0000000086800000, 0x0000000086900000|  0%| F|  |TAMS 0x0000000086800000, 0x0000000086800000| Untracked 
|  77|0x0000000086900000, 0x0000000086900000, 0x0000000086a00000|  0%| F|  |TAMS 0x0000000086900000, 0x0000000086900000| Untracked 
|  78|0x0000000086a00000, 0x0000000086a00000, 0x0000000086b00000|  0%| F|  |TAMS 0x0000000086a00000, 0x0000000086a00000| Untracked 
|  79|0x0000000086b00000, 0x0000000086b00000, 0x0000000086c00000|  0%| F|  |TAMS 0x0000000086b00000, 0x0000000086b00000| Untracked 
|  80|0x0000000086c00000, 0x0000000086c00000, 0x0000000086d00000|  0%| F|  |TAMS 0x0000000086c00000, 0x0000000086c00000| Untracked 
|  81|0x0000000086d00000, 0x0000000086d00000, 0x0000000086e00000|  0%| F|  |TAMS 0x0000000086d00000, 0x0000000086d00000| Untracked 
|  82|0x0000000086e00000, 0x0000000086e00000, 0x0000000086f00000|  0%| F|  |TAMS 0x0000000086e00000, 0x0000000086e00000| Untracked 
|  83|0x0000000086f00000, 0x0000000086f00000, 0x0000000087000000|  0%| F|  |TAMS 0x0000000086f00000, 0x0000000086f00000| Untracked 
|  84|0x0000000087000000, 0x0000000087000000, 0x0000000087100000|  0%| F|  |TAMS 0x0000000087000000, 0x0000000087000000| Untracked 
|  85|0x0000000087100000, 0x0000000087100000, 0x0000000087200000|  0%| F|  |TAMS 0x0000000087100000, 0x0000000087100000| Untracked 
|  86|0x0000000087200000, 0x0000000087200000, 0x0000000087300000|  0%| F|  |TAMS 0x0000000087200000, 0x0000000087200000| Untracked 
|  87|0x0000000087300000, 0x0000000087300000, 0x0000000087400000|  0%| F|  |TAMS 0x0000000087300000, 0x0000000087300000| Untracked 
|  88|0x0000000087400000, 0x0000000087400000, 0x0000000087500000|  0%| F|  |TAMS 0x0000000087400000, 0x0000000087400000| Untracked 
|  89|0x0000000087500000, 0x0000000087500000, 0x0000000087600000|  0%| F|  |TAMS 0x0000000087500000, 0x0000000087500000| Untracked 
|  90|0x0000000087600000, 0x0000000087600000, 0x0000000087700000|  0%| F|  |TAMS 0x0000000087600000, 0x0000000087600000| Untracked 
|  91|0x0000000087700000, 0x0000000087700000, 0x0000000087800000|  0%| F|  |TAMS 0x0000000087700000, 0x0000000087700000| Untracked 
|  92|0x0000000087800000, 0x0000000087800000, 0x0000000087900000|  0%| F|  |TAMS 0x0000000087800000, 0x0000000087800000| Untracked 
|  93|0x0000000087900000, 0x0000000087900000, 0x0000000087a00000|  0%| F|  |TAMS 0x0000000087900000, 0x0000000087900000| Untracked 
|  94|0x0000000087a00000, 0x0000000087a00000, 0x0000000087b00000|  0%| F|  |TAMS 0x0000000087a00000, 0x0000000087a00000| Untracked 
|  95|0x0000000087b00000, 0x0000000087b00000, 0x0000000087c00000|  0%| F|  |TAMS 0x0000000087b00000, 0x0000000087b00000| Untracked 
|  96|0x0000000087c00000, 0x0000000087c00000, 0x0000000087d00000|  0%| F|  |TAMS 0x0000000087c00000, 0x0000000087c00000| Untracked 
|  97|0x0000000087d00000, 0x0000000087d00000, 0x0000000087e00000|  0%| F|  |TAMS 0x0000000087d00000, 0x0000000087d00000| Untracked 
|  98|0x0000000087e00000, 0x0000000087e00000, 0x0000000087f00000|  0%| F|  |TAMS 0x0000000087e00000, 0x0000000087e00000| Untracked 
|  99|0x0000000087f00000, 0x0000000087f00000, 0x0000000088000000|  0%| F|  |TAMS 0x0000000087f00000, 0x0000000087f00000| Untracked 
| 100|0x0000000088000000, 0x0000000088000000, 0x0000000088100000|  0%| F|  |TAMS 0x0000000088000000, 0x0000000088000000| Untracked 
| 101|0x0000000088100000, 0x0000000088100000, 0x0000000088200000|  0%| F|  |TAMS 0x0000000088100000, 0x0000000088100000| Untracked 
| 102|0x0000000088200000, 0x0000000088200000, 0x0000000088300000|  0%| F|  |TAMS 0x0000000088200000, 0x0000000088200000| Untracked 
| 103|0x0000000088300000, 0x0000000088300000, 0x0000000088400000|  0%| F|  |TAMS 0x0000000088300000, 0x0000000088300000| Untracked 
| 104|0x0000000088400000, 0x0000000088400000, 0x0000000088500000|  0%| F|  |TAMS 0x0000000088400000, 0x0000000088400000| Untracked 
| 105|0x0000000088500000, 0x0000000088500000, 0x0000000088600000|  0%| F|  |TAMS 0x0000000088500000, 0x0000000088500000| Untracked 
| 106|0x0000000088600000, 0x0000000088600000, 0x0000000088700000|  0%| F|  |TAMS 0x0000000088600000, 0x0000000088600000| Untracked 
| 107|0x0000000088700000, 0x0000000088700000, 0x0000000088800000|  0%| F|  |TAMS 0x0000000088700000, 0x0000000088700000| Untracked 
| 108|0x0000000088800000, 0x0000000088800000, 0x0000000088900000|  0%| F|  |TAMS 0x0000000088800000, 0x0000000088800000| Untracked 
| 109|0x0000000088900000, 0x0000000088900000, 0x0000000088a00000|  0%| F|  |TAMS 0x0000000088900000, 0x0000000088900000| Untracked 
| 110|0x0000000088a00000, 0x0000000088a00000, 0x0000000088b00000|  0%| F|  |TAMS 0x0000000088a00000, 0x0000000088a00000| Untracked 
| 111|0x0000000088b00000, 0x0000000088b00000, 0x0000000088c00000|  0%| F|  |TAMS 0x0000000088b00000, 0x0000000088b00000| Untracked 
| 112|0x0000000088c00000, 0x0000000088c00000, 0x0000000088d00000|  0%| F|  |TAMS 0x0000000088c00000, 0x0000000088c00000| Untracked 
| 113|0x0000000088d00000, 0x0000000088d00000, 0x0000000088e00000|  0%| F|  |TAMS 0x0000000088d00000, 0x0000000088d00000| Untracked 
| 114|0x0000000088e00000, 0x0000000088e00000, 0x0000000088f00000|  0%| F|  |TAMS 0x0000000088e00000, 0x0000000088e00000| Untracked 
| 115|0x0000000088f00000, 0x0000000088f4eae8, 0x0000000089000000| 30%| S|CS|TAMS 0x0000000088f00000, 0x0000000088f00000| Complete 
| 116|0x0000000089000000, 0x0000000089100000, 0x0000000089100000|100%| S|CS|TAMS 0x0000000089000000, 0x0000000089000000| Complete 
| 117|0x0000000089100000, 0x0000000089100000, 0x0000000089200000|  0%| F|  |TAMS 0x0000000089100000, 0x0000000089100000| Untracked 
| 118|0x0000000089200000, 0x0000000089200000, 0x0000000089300000|  0%| F|  |TAMS 0x0000000089200000, 0x0000000089200000| Untracked 
| 119|0x0000000089300000, 0x0000000089300000, 0x0000000089400000|  0%| F|  |TAMS 0x0000000089300000, 0x0000000089300000| Untracked 
| 120|0x0000000089400000, 0x0000000089400000, 0x0000000089500000|  0%| F|  |TAMS 0x0000000089400000, 0x0000000089400000| Untracked 
| 121|0x0000000089500000, 0x00000000895e71d0, 0x0000000089600000| 90%| E|  |TAMS 0x0000000089500000, 0x0000000089500000| Complete 
| 122|0x0000000089600000, 0x0000000089700000, 0x0000000089700000|100%| E|CS|TAMS 0x0000000089600000, 0x0000000089600000| Complete 
| 123|0x0000000089700000, 0x0000000089800000, 0x0000000089800000|100%| E|CS|TAMS 0x0000000089700000, 0x0000000089700000| Complete 
| 124|0x0000000089800000, 0x0000000089900000, 0x0000000089900000|100%| E|CS|TAMS 0x0000000089800000, 0x0000000089800000| Complete 
| 125|0x0000000089900000, 0x0000000089a00000, 0x0000000089a00000|100%| E|CS|TAMS 0x0000000089900000, 0x0000000089900000| Complete 
| 126|0x0000000089a00000, 0x0000000089b00000, 0x0000000089b00000|100%| E|CS|TAMS 0x0000000089a00000, 0x0000000089a00000| Complete 
| 127|0x0000000089b00000, 0x0000000089c00000, 0x0000000089c00000|100%| E|CS|TAMS 0x0000000089b00000, 0x0000000089b00000| Complete 

Card table byte_map: [0x0000016dfe0d0000,0x0000016dfe4d0000] _byte_map_base: 0x0000016dfdcc2000

Marking Bits (Prev, Next): (CMBitMap*) 0x0000016dfdc6ee90, (CMBitMap*) 0x0000016dfdc6eed0
 Prev Bits: [0x0000016d86600000, 0x0000016d88590000)
 Next Bits: [0x0000016d88590000, 0x0000016d8a520000)

Polling page: 0x0000016dfbae0000

Metaspace:

Usage:
  Non-class:     16.00 MB used.
      Class:      2.03 MB used.
       Both:     18.03 MB used.

Virtual space:
  Non-class space:       64.00 MB reserved,      16.12 MB ( 25%) committed,  1 nodes.
      Class space:        1.00 GB reserved,       2.12 MB ( <1%) committed,  1 nodes.
             Both:        1.06 GB reserved,      18.25 MB (  2%) committed. 

Chunk freelists:
   Non-Class:  15.30 MB
       Class:  13.78 MB
        Both:  29.08 MB

MaxMetaspaceSize: unlimited
CompressedClassSpaceSize: 1.00 GB
Initial GC threshold: 21.00 MB
Current GC threshold: 21.00 MB
CDS: off
MetaspaceReclaimPolicy: balanced
 - commit_granule_bytes: 65536.
 - commit_granule_words: 8192.
 - virtual_space_node_default_size: 8388608.
 - enlarge_chunks_in_place: 1.
 - new_chunks_are_fully_committed: 0.
 - uncommit_free_chunks: 1.
 - use_allocation_guard: 0.
 - handle_deallocations: 1.


Internal statistics:

num_allocs_failed_limit: 0.
num_arena_births: 248.
num_arena_deaths: 0.
num_vsnodes_births: 2.
num_vsnodes_deaths: 0.
num_space_committed: 292.
num_space_uncommitted: 0.
num_chunks_returned_to_freelist: 0.
num_chunks_taken_from_freelist: 535.
num_chunk_merges: 0.
num_chunk_splits: 308.
num_chunks_enlarged: 179.
num_inconsistent_stats: 0.

CodeCache: size=49152Kb used=4530Kb max_used=4530Kb free=44621Kb
 bounds [0x0000016d83600000, 0x0000016d83a70000, 0x0000016d86600000]
 total_blobs=2031 nmethods=1573 adapters=384
 compilation: enabled
              stopped_count=0, restarted_count=0
 full_count=0

Compilation events (20 events):
Event: 1.373 Thread 0x0000016d8c67f210 nmethod 1564 0x0000016d83a6a610 code [0x0000016d83a6a7a0, 0x0000016d83a6a858]
Event: 1.373 Thread 0x0000016dfece88a0 nmethod 1563 0x0000016d83a6a910 code [0x0000016d83a6aaa0, 0x0000016d83a6ab78]
Event: 1.373 Thread 0x0000016d8c67f210 1565       1       jdk.internal.loader.BuiltinClassLoader::hasClassPath (13 bytes)
Event: 1.374 Thread 0x0000016d8c67f210 nmethod 1565 0x0000016d83a6ac10 code [0x0000016d83a6ada0, 0x0000016d83a6ae78]
Event: 1.374 Thread 0x0000016dfece88a0 1566       1       java.lang.reflect.Array::newInstance (6 bytes)
Event: 1.374 Thread 0x0000016dfece88a0 nmethod 1566 0x0000016d83a6af10 code [0x0000016d83a6b0a0, 0x0000016d83a6b168]
Event: 1.382 Thread 0x0000016d8c67eb10 1567       1       jdk.internal.org.objectweb.asm.FieldWriter::visitEnd (1 bytes)
Event: 1.382 Thread 0x0000016d8c67f210 1568       1       jdk.internal.org.objectweb.asm.MethodVisitor::visitInsn (16 bytes)
Event: 1.382 Thread 0x0000016d8c67eb10 nmethod 1567 0x0000016d83a6b210 code [0x0000016d83a6b3a0, 0x0000016d83a6b458]
Event: 1.382 Thread 0x0000016d8c67f210 nmethod 1568 0x0000016d83a6b510 code [0x0000016d83a6b6a0, 0x0000016d83a6b788]
Event: 1.386 Thread 0x0000016d8c67eb10 1569       1       java.util.jar.JarFile$JarFileEntry::getRealName (5 bytes)
Event: 1.386 Thread 0x0000016d8c67eb10 nmethod 1569 0x0000016d83a6b810 code [0x0000016d83a6b9a0, 0x0000016d83a6ba78]
Event: 1.386 Thread 0x0000016dfece88a0 1570       1       java.util.regex.Pattern::isSupplementary (21 bytes)
Event: 1.386 Thread 0x0000016d8c67f210 1571       1       java.lang.Character::isSurrogate (18 bytes)
Event: 1.387 Thread 0x0000016d8c67eb10 1572       1       java.util.regex.Pattern::peek (26 bytes)
Event: 1.387 Thread 0x0000016d8c67f210 nmethod 1571 0x0000016d83a6bb10 code [0x0000016d83a6bca0, 0x0000016d83a6bd78]
Event: 1.387 Thread 0x0000016dfece88a0 nmethod 1570 0x0000016d83a6be10 code [0x0000016d83a6bfa0, 0x0000016d83a6c098]
Event: 1.387 Thread 0x0000016d8c67eb10 nmethod 1572 0x0000016d83a6c110 code [0x0000016d83a6c2a0, 0x0000016d83a6c3e8]
Event: 1.387 Thread 0x0000016dfece88a0 1573       1       java.util.regex.Pattern::next (33 bytes)
Event: 1.387 Thread 0x0000016dfece88a0 nmethod 1573 0x0000016d83a6c510 code [0x0000016d83a6c6a0, 0x0000016d83a6c7e8]

GC Heap History (4 events):
Event: 0.879 GC heap before
{Heap before GC invocations=0 (full 0):
 garbage-first heap   total 131072K, used 13312K [0x0000000081c00000, 0x0000000100000000)
  region size 1024K, 13 young (13312K), 0 survivors (0K)
 Metaspace       used 13145K, committed 13376K, reserved 1114112K
  class space    used 1342K, committed 1472K, reserved 1048576K
}
Event: 0.885 GC heap after
{Heap after GC invocations=1 (full 0):
 garbage-first heap   total 131072K, used 6443K [0x0000000081c00000, 0x0000000100000000)
  region size 1024K, 2 young (2048K), 2 survivors (2048K)
 Metaspace       used 13145K, committed 13376K, reserved 1114112K
  class space    used 1342K, committed 1472K, reserved 1048576K
}
Event: 1.212 GC heap before
{Heap before GC invocations=1 (full 0):
 garbage-first heap   total 131072K, used 17707K [0x0000000081c00000, 0x0000000100000000)
  region size 1024K, 13 young (13312K), 2 survivors (2048K)
 Metaspace       used 16980K, committed 17216K, reserved 1114112K
  class space    used 1843K, committed 1984K, reserved 1048576K
}
Event: 1.217 GC heap after
{Heap after GC invocations=2 (full 0):
 garbage-first heap   total 131072K, used 7883K [0x0000000081c00000, 0x0000000100000000)
  region size 1024K, 2 young (2048K), 2 survivors (2048K)
 Metaspace       used 16980K, committed 17216K, reserved 1114112K
  class space    used 1843K, committed 1984K, reserved 1048576K
}

Dll operation events (7 events):
Event: 0.018 Loaded shared library C:\Users\user\Downloads\sts-4.20.1.RELEASE\plugins\org.eclipse.justj.openjdk.hotspot.jre.full.win32.x86_64_17.0.8.v20230831-1047\jre\bin\java.dll
Event: 0.348 Loaded shared library C:\Users\user\Downloads\sts-4.20.1.RELEASE\plugins\org.eclipse.justj.openjdk.hotspot.jre.full.win32.x86_64_17.0.8.v20230831-1047\jre\bin\jimage.dll
Event: 0.368 Loaded shared library C:\Users\user\Downloads\sts-4.20.1.RELEASE\plugins\org.eclipse.justj.openjdk.hotspot.jre.full.win32.x86_64_17.0.8.v20230831-1047\jre\bin\net.dll
Event: 0.370 Loaded shared library C:\Users\user\Downloads\sts-4.20.1.RELEASE\plugins\org.eclipse.justj.openjdk.hotspot.jre.full.win32.x86_64_17.0.8.v20230831-1047\jre\bin\nio.dll
Event: 0.376 Loaded shared library C:\Users\user\Downloads\sts-4.20.1.RELEASE\plugins\org.eclipse.justj.openjdk.hotspot.jre.full.win32.x86_64_17.0.8.v20230831-1047\jre\bin\zip.dll
Event: 0.448 Loaded shared library C:\Users\user\Downloads\sts-4.20.1.RELEASE\plugins\org.eclipse.justj.openjdk.hotspot.jre.full.win32.x86_64_17.0.8.v20230831-1047\jre\bin\management.dll
Event: 0.465 Loaded shared library C:\Users\user\Downloads\sts-4.20.1.RELEASE\plugins\org.eclipse.justj.openjdk.hotspot.jre.full.win32.x86_64_17.0.8.v20230831-1047\jre\bin\management_ext.dll

Deoptimization events (0 events):
No events

Classes unloaded (0 events):
No events

Classes redefined (0 events):
No events

Internal exceptions (20 events):
Event: 1.068 Thread 0x0000016dfdc11cf0 Exception <a 'java/lang/NoSuchMethodError'{0x00000000896f2ad8}: 'java.lang.Object java.lang.invoke.DirectMethodHandle$Holder.invokeSpecialIFC(java.lang.Object, java.lang.Object, java.lang.Object, java.lang.Object)'> (0x00000000896f2ad8) 
thrown [s\src\hotspot\share\interpreter\linkResolver.cpp, line 759]
Event: 1.070 Thread 0x0000016dfdc11cf0 Exception <a 'java/lang/NoSuchMethodError'{0x0000000089511598}: 'java.lang.Object java.lang.invoke.DirectMethodHandle$Holder.invokeInterface(java.lang.Object, java.lang.Object, java.lang.Object)'> (0x0000000089511598) 
thrown [s\src\hotspot\share\interpreter\linkResolver.cpp, line 759]
Event: 1.089 Thread 0x0000016dfdc11cf0 Exception <a 'java/lang/NoSuchMethodError'{0x00000000895d8978}: 'int java.lang.invoke.DirectMethodHandle$Holder.invokeStaticInit(java.lang.Object, java.lang.Object, java.lang.Object)'> (0x00000000895d8978) 
thrown [s\src\hotspot\share\interpreter\linkResolver.cpp, line 759]
Event: 1.098 Thread 0x0000016dfdc11cf0 Exception <a 'java/lang/NoSuchMethodError'{0x0000000089439070}: 'java.lang.Object java.lang.invoke.DirectMethodHandle$Holder.newInvokeSpecial(java.lang.Object, java.lang.Object, java.lang.Object, java.lang.Object, java.lang.Object)'> (0x0000000089439070) 
thrown [s\src\hotspot\share\interpreter\linkResolver.cpp, line 759]
Event: 1.105 Thread 0x0000016dfdc11cf0 Exception <a 'java/lang/NoSuchMethodError'{0x0000000089477b90}: 'java.lang.Object java.lang.invoke.DirectMethodHandle$Holder.invokeStaticInit(java.lang.Object, java.lang.Object, java.lang.Object)'> (0x0000000089477b90) 
thrown [s\src\hotspot\share\interpreter\linkResolver.cpp, line 759]
Event: 1.120 Thread 0x0000016dfdc11cf0 Exception <a 'java/lang/IncompatibleClassChangeError'{0x0000000089336380}: Found class java.lang.Object, but interface was expected> (0x0000000089336380) 
thrown [s\src\hotspot\share\interpreter\linkResolver.cpp, line 826]
Event: 1.145 Thread 0x0000016dfdc11cf0 Exception <a 'sun/nio/fs/WindowsException'{0x00000000893dec18}> (0x00000000893dec18) 
thrown [s\src\hotspot\share\prims\jni.cpp, line 516]
Event: 1.158 Thread 0x0000016d91842100 Exception <a 'java/lang/NoSuchMethodError'{0x00000000892624e0}: static [B.<clinit>()V> (0x00000000892624e0) 
thrown [s\src\hotspot\share\prims\jni.cpp, line 1107]
Event: 1.181 Thread 0x0000016d91842100 Exception <a 'java/lang/ClassNotFoundException'{0x00000000892f42c8}: javax/management/remote/rmi/RMIConnectionImpl_Skel> (0x00000000892f42c8) 
thrown [s\src\hotspot\share\classfile\systemDictionary.cpp, line 256]
Event: 1.194 Thread 0x0000016d918411d0 Exception <a 'java/lang/NoSuchMethodError'{0x000000008917c328}: 'java.lang.Object java.lang.invoke.Invokers$Holder.linkToTargetMethod(java.lang.Object, long, java.lang.Object)'> (0x000000008917c328) 
thrown [s\src\hotspot\share\interpreter\linkResolver.cpp, line 759]
Event: 1.202 Thread 0x0000016d91842100 Exception <a 'java/lang/reflect/InvocationTargetException'{0x00000000891ca338}> (0x00000000891ca338) 
thrown [s\src\hotspot\share\runtime\reflection.cpp, line 1121]
Event: 1.209 Thread 0x0000016d91842100 Exception <a 'java/lang/NoSuchMethodError'{0x00000000891f4d30}: static [Ljava/lang/StackTraceElement;.<clinit>()V> (0x00000000891f4d30) 
thrown [s\src\hotspot\share\prims\jni.cpp, line 1107]
Event: 1.318 Thread 0x0000016dfdc11cf0 Exception <a 'java/lang/NoSuchMethodError'{0x0000000089707950}: 'java.lang.Object java.lang.invoke.DirectMethodHandle$Holder.newInvokeSpecial(java.lang.Object, java.lang.Object, java.lang.Object, java.lang.Object, java.lang.Object, java.lang.Object, java.lang.Object)'> (0x0000000089707950) 
thrown [s\src\hotspot\share\interpreter\linkResolver.cpp, line 759]
Event: 1.318 Thread 0x0000016dfdc11cf0 Exception <a 'java/lang/NoSuchMethodError'{0x000000008970c260}: 'java.lang.Object java.lang.invoke.Invokers$Holder.linkToTargetMethod(java.lang.Object, java.lang.Object, java.lang.Object, java.lang.Object, java.lang.Object, java.lang.Object, java.lang.Object)'> (0x000000008970c260) 
thrown [s\src\hotspot\share\interpreter\linkResolver.cpp, line 759]
Event: 1.324 Thread 0x0000016dfdc11cf0 Exception <a 'java/lang/NoSuchMethodError'{0x000000008974fff8}: 'int java.lang.invoke.DirectMethodHandle$Holder.invokeStatic(java.lang.Object, java.lang.Object, java.lang.Object, java.lang.Object)'> (0x000000008974fff8) 
thrown [s\src\hotspot\share\interpreter\linkResolver.cpp, line 759]
Event: 1.324 Thread 0x0000016dfdc11cf0 Exception <a 'java/lang/NoSuchMethodError'{0x0000000089753978}: 'java.lang.Object java.lang.invoke.Invokers$Holder.invokeExact_MT(java.lang.Object, java.lang.Object, java.lang.Object, java.lang.Object, java.lang.Object, java.lang.Object)'> (0x0000000089753978) 
thrown [s\src\hotspot\share\interpreter\linkResolver.cpp, line 759]
Event: 1.336 Thread 0x0000016dfdc11cf0 Exception <a 'java/lang/NoSuchMethodError'{0x00000000897b5f70}: 'java.lang.Object java.lang.invoke.DirectMethodHandle$Holder.invokeSpecial(java.lang.Object, java.lang.Object, java.lang.Object, java.lang.Object, java.lang.Object, java.lang.Object, int)'> (0x00000000897b5f70) 
thrown [s\src\hotspot\share\interpreter\linkResolver.cpp, line 759]
Event: 1.336 Thread 0x0000016dfdc11cf0 Exception <a 'java/lang/NoSuchMethodError'{0x00000000897c3428}: 'java.lang.Object java.lang.invoke.DirectMethodHandle$Holder.newInvokeSpecial(java.lang.Object, java.lang.Object, java.lang.Object, java.lang.Object, java.lang.Object, java.lang.Object, int)'> (0x00000000897c3428) 
thrown [s\src\hotspot\share\interpreter\linkResolver.cpp, line 759]
Event: 1.337 Thread 0x0000016dfdc11cf0 Exception <a 'java/lang/NoSuchMethodError'{0x00000000897c8468}: 'java.lang.Object java.lang.invoke.DirectMethodHandle$Holder.invokeSpecial(java.lang.Object, java.lang.Object, java.lang.Object, java.lang.Object, java.lang.Object, java.lang.Object, java.lang.Object, int)'> (0x00000000897c8468) 
thrown [s\src\hotspot\share\interpreter\linkResolver.cpp, line 759]
Event: 1.382 Thread 0x0000016dfdc11cf0 Exception <a 'java/lang/NoSuchMethodError'{0x00000000895a0528}: 'void java.lang.invoke.DirectMethodHandle$Holder.invokeSpecial(java.lang.Object, java.lang.Object, java.lang.Object, java.lang.Object, java.lang.Object)'> (0x00000000895a0528) 
thrown [s\src\hotspot\share\interpreter\linkResolver.cpp, line 759]

VM Operations (20 events):
Event: 0.320 Executing VM operation: HandshakeAllThreads
Event: 0.320 Executing VM operation: HandshakeAllThreads done
Event: 0.614 Executing VM operation: HandshakeAllThreads
Event: 0.614 Executing VM operation: HandshakeAllThreads done
Event: 0.655 Executing VM operation: HandshakeAllThreads
Event: 0.655 Executing VM operation: HandshakeAllThreads done
Event: 0.740 Executing VM operation: HandshakeAllThreads
Event: 0.740 Executing VM operation: HandshakeAllThreads done
Event: 0.841 Executing VM operation: HandshakeAllThreads
Event: 0.841 Executing VM operation: HandshakeAllThreads done
Event: 0.846 Executing VM operation: HandshakeAllThreads
Event: 0.846 Executing VM operation: HandshakeAllThreads done
Event: 0.879 Executing VM operation: G1CollectForAllocation
Event: 0.886 Executing VM operation: G1CollectForAllocation done
Event: 1.147 Executing VM operation: HandshakeAllThreads
Event: 1.147 Executing VM operation: HandshakeAllThreads done
Event: 1.180 Executing VM operation: HandshakeAllThreads
Event: 1.180 Executing VM operation: HandshakeAllThreads done
Event: 1.211 Executing VM operation: G1CollectForAllocation
Event: 1.217 Executing VM operation: G1CollectForAllocation done

Events (20 events):
Event: 1.327 loading class java/util/regex/Pattern$Curly
Event: 1.327 loading class java/util/regex/Pattern$Curly done
Event: 1.327 loading class java/util/regex/Pattern$Dollar
Event: 1.327 loading class java/util/regex/Pattern$Dollar done
Event: 1.328 loading class java/util/regex/Pattern$Neg
Event: 1.328 loading class java/util/regex/Pattern$Neg done
Event: 1.334 loading class java/util/stream/StreamSpliterators$WrappingSpliterator
Event: 1.334 loading class java/util/stream/StreamSpliterators$AbstractWrappingSpliterator
Event: 1.334 loading class java/util/stream/StreamSpliterators$AbstractWrappingSpliterator done
Event: 1.334 loading class java/util/stream/StreamSpliterators$WrappingSpliterator done
Event: 1.335 loading class java/util/stream/StreamSpliterators
Event: 1.335 loading class java/util/stream/StreamSpliterators done
Event: 1.335 loading class java/util/function/BooleanSupplier
Event: 1.335 loading class java/util/function/BooleanSupplier done
Event: 1.355 loading class java/util/regex/Matcher
Event: 1.355 loading class java/util/regex/MatchResult
Event: 1.355 loading class java/util/regex/MatchResult done
Event: 1.355 loading class java/util/regex/Matcher done
Event: 1.355 loading class java/util/regex/IntHashSet
Event: 1.355 loading class java/util/regex/IntHashSet done


Dynamic libraries:
0x00007ff6ee730000 - 0x00007ff6ee73e000 	C:\Users\user\Downloads\sts-4.20.1.RELEASE\plugins\org.eclipse.justj.openjdk.hotspot.jre.full.win32.x86_64_17.0.8.v20230831-1047\jre\bin\javaw.exe
0x00007ff9658b0000 - 0x00007ff965aa8000 	C:\Windows\SYSTEM32\ntdll.dll
0x00007ff9657b0000 - 0x00007ff96586d000 	C:\Windows\System32\KERNEL32.DLL
0x00007ff9630e0000 - 0x00007ff9633d6000 	C:\Windows\System32\KERNELBASE.dll
0x00007ff963600000 - 0x00007ff963700000 	C:\Windows\System32\ucrtbase.dll
0x00007ff95ae40000 - 0x00007ff95ae57000 	C:\Users\user\Downloads\sts-4.20.1.RELEASE\plugins\org.eclipse.justj.openjdk.hotspot.jre.full.win32.x86_64_17.0.8.v20230831-1047\jre\bin\jli.dll
0x00007ff963a40000 - 0x00007ff963bde000 	C:\Windows\System32\USER32.dll
0x00007ff9638e0000 - 0x00007ff963902000 	C:\Windows\System32\win32u.dll
0x00007ff963e00000 - 0x00007ff963e2c000 	C:\Windows\System32\GDI32.dll
0x00007ff963770000 - 0x00007ff96388a000 	C:\Windows\System32\gdi32full.dll
0x00007ff963040000 - 0x00007ff9630dd000 	C:\Windows\System32\msvcp_win.dll
0x00007ff957230000 - 0x00007ff957249000 	C:\Users\user\Downloads\sts-4.20.1.RELEASE\plugins\org.eclipse.justj.openjdk.hotspot.jre.full.win32.x86_64_17.0.8.v20230831-1047\jre\bin\VCRUNTIME140.dll
0x00007ff94f4f0000 - 0x00007ff94f78a000 	C:\Windows\WinSxS\amd64_microsoft.windows.common-controls_6595b64144ccf1df_6.0.19041.3636_none_60b6a03d71f818d5\COMCTL32.dll
0x00007ff963c10000 - 0x00007ff963cae000 	C:\Windows\System32\msvcrt.dll
0x00007ff963be0000 - 0x00007ff963c10000 	C:\Windows\System32\IMM32.DLL
0x00007ff957960000 - 0x00007ff95796c000 	C:\Users\user\Downloads\sts-4.20.1.RELEASE\plugins\org.eclipse.justj.openjdk.hotspot.jre.full.win32.x86_64_17.0.8.v20230831-1047\jre\bin\vcruntime140_1.dll
0x00007ff915870000 - 0x00007ff915901000 	C:\Users\user\Downloads\sts-4.20.1.RELEASE\plugins\org.eclipse.justj.openjdk.hotspot.jre.full.win32.x86_64_17.0.8.v20230831-1047\jre\bin\msvcp140.dll
0x00007ff8e0e80000 - 0x00007ff8e1acc000 	C:\Users\user\Downloads\sts-4.20.1.RELEASE\plugins\org.eclipse.justj.openjdk.hotspot.jre.full.win32.x86_64_17.0.8.v20230831-1047\jre\bin\server\jvm.dll
0x00007ff9643c0000 - 0x00007ff96446f000 	C:\Windows\System32\ADVAPI32.dll
0x00007ff964320000 - 0x00007ff9643bc000 	C:\Windows\System32\sechost.dll
0x00007ff964e40000 - 0x00007ff964f66000 	C:\Windows\System32\RPCRT4.dll
0x00007ff962df0000 - 0x00007ff962e3b000 	C:\Windows\SYSTEM32\POWRPROF.dll
0x00007ff946c60000 - 0x00007ff946c69000 	C:\Windows\SYSTEM32\WSOCK32.dll
0x00007ff964470000 - 0x00007ff9644db000 	C:\Windows\System32\WS2_32.dll
0x00007ff958860000 - 0x00007ff958887000 	C:\Windows\SYSTEM32\WINMM.dll
0x00007ff959900000 - 0x00007ff95990a000 	C:\Windows\SYSTEM32\VERSION.dll
0x00007ff962dd0000 - 0x00007ff962de2000 	C:\Windows\SYSTEM32\UMPDC.dll
0x00007ff9617e0000 - 0x00007ff9617f2000 	C:\Windows\SYSTEM32\kernel.appcore.dll
0x00007ff95d2b0000 - 0x00007ff95d2ba000 	C:\Users\user\Downloads\sts-4.20.1.RELEASE\plugins\org.eclipse.justj.openjdk.hotspot.jre.full.win32.x86_64_17.0.8.v20230831-1047\jre\bin\jimage.dll
0x00007ff960d30000 - 0x00007ff960f14000 	C:\Windows\SYSTEM32\DBGHELP.DLL
0x00007ff959f80000 - 0x00007ff959fb4000 	C:\Windows\SYSTEM32\dbgcore.DLL
0x00007ff963540000 - 0x00007ff9635c2000 	C:\Windows\System32\bcryptPrimitives.dll
0x00007ff9581b0000 - 0x00007ff9581d5000 	C:\Users\user\Downloads\sts-4.20.1.RELEASE\plugins\org.eclipse.justj.openjdk.hotspot.jre.full.win32.x86_64_17.0.8.v20230831-1047\jre\bin\java.dll
0x00007ff9585f0000 - 0x00007ff958608000 	C:\Users\user\Downloads\sts-4.20.1.RELEASE\plugins\org.eclipse.justj.openjdk.hotspot.jre.full.win32.x86_64_17.0.8.v20230831-1047\jre\bin\zip.dll
0x00007ff964f70000 - 0x00007ff9656b4000 	C:\Windows\System32\SHELL32.dll
0x00007ff960f20000 - 0x00007ff9616bb000 	C:\Windows\SYSTEM32\windows.storage.dll
0x00007ff963e30000 - 0x00007ff964184000 	C:\Windows\System32\combase.dll
0x00007ff962900000 - 0x00007ff96292d000 	C:\Windows\SYSTEM32\Wldp.dll
0x00007ff964620000 - 0x00007ff9646cd000 	C:\Windows\System32\SHCORE.dll
0x00007ff964560000 - 0x00007ff9645b5000 	C:\Windows\System32\shlwapi.dll
0x00007ff962ec0000 - 0x00007ff962ee5000 	C:\Windows\SYSTEM32\profapi.dll
0x00007ff958580000 - 0x00007ff958599000 	C:\Users\user\Downloads\sts-4.20.1.RELEASE\plugins\org.eclipse.justj.openjdk.hotspot.jre.full.win32.x86_64_17.0.8.v20230831-1047\jre\bin\net.dll
0x00007ff95b1a0000 - 0x00007ff95b2aa000 	C:\Windows\SYSTEM32\WINHTTP.dll
0x00007ff962660000 - 0x00007ff9626ca000 	C:\Windows\system32\mswsock.dll
0x00007ff958190000 - 0x00007ff9581a5000 	C:\Users\user\Downloads\sts-4.20.1.RELEASE\plugins\org.eclipse.justj.openjdk.hotspot.jre.full.win32.x86_64_17.0.8.v20230831-1047\jre\bin\nio.dll
0x00007ff9576b0000 - 0x00007ff9576b9000 	C:\Users\user\Downloads\sts-4.20.1.RELEASE\plugins\org.eclipse.justj.openjdk.hotspot.jre.full.win32.x86_64_17.0.8.v20230831-1047\jre\bin\management.dll
0x00007ff957630000 - 0x00007ff95763b000 	C:\Users\user\Downloads\sts-4.20.1.RELEASE\plugins\org.eclipse.justj.openjdk.hotspot.jre.full.win32.x86_64_17.0.8.v20230831-1047\jre\bin\management_ext.dll
0x00007ff963d10000 - 0x00007ff963d18000 	C:\Windows\System32\PSAPI.DLL
0x00007ff941cf0000 - 0x00007ff941d07000 	C:\Windows\system32\napinsp.dll
0x00007ff941cd0000 - 0x00007ff941ceb000 	C:\Windows\system32\pnrpnsp.dll
0x00007ff95e1e0000 - 0x00007ff95e1f5000 	C:\Windows\system32\wshbth.dll
0x00007ff95af00000 - 0x00007ff95af1d000 	C:\Windows\system32\NLAapi.dll
0x00007ff962350000 - 0x00007ff96238b000 	C:\Windows\SYSTEM32\IPHLPAPI.DLL
0x00007ff962390000 - 0x00007ff96245a000 	C:\Windows\SYSTEM32\DNSAPI.dll
0x00007ff964780000 - 0x00007ff964788000 	C:\Windows\System32\NSI.dll
0x00007ff941c50000 - 0x00007ff941c62000 	C:\Windows\System32\winrnr.dll
0x00007ff95c5e0000 - 0x00007ff95c5ea000 	C:\Windows\System32\rasadhlp.dll
0x00007ff9558c0000 - 0x00007ff955940000 	C:\Windows\System32\fwpuclnt.dll
0x00007ff9635d0000 - 0x00007ff9635f7000 	C:\Windows\System32\bcrypt.dll
0x00007ff962850000 - 0x00007ff962868000 	C:\Windows\SYSTEM32\CRYPTSP.dll
0x00007ff961f90000 - 0x00007ff961fc4000 	C:\Windows\system32\rsaenh.dll
0x00007ff962e80000 - 0x00007ff962eae000 	C:\Windows\SYSTEM32\USERENV.dll
0x00007ff962870000 - 0x00007ff96287c000 	C:\Windows\SYSTEM32\CRYPTBASE.dll
0x00007ff95a100000 - 0x00007ff95a117000 	C:\Windows\SYSTEM32\dhcpcsvc6.DLL
0x00007ff95a430000 - 0x00007ff95a44d000 	C:\Windows\SYSTEM32\dhcpcsvc.DLL

dbghelp: loaded successfully - version: 4.0.5 - missing functions: none
symbol engine: initialized successfully - sym options: 0x614 - pdb path: .;C:\Users\user\Downloads\sts-4.20.1.RELEASE\plugins\org.eclipse.justj.openjdk.hotspot.jre.full.win32.x86_64_17.0.8.v20230831-1047\jre\bin;C:\Windows\SYSTEM32;C:\Windows\WinSxS\amd64_microsoft.windows.common-controls_6595b64144ccf1df_6.0.19041.3636_none_60b6a03d71f818d5;C:\Users\user\Downloads\sts-4.20.1.RELEASE\plugins\org.eclipse.justj.openjdk.hotspot.jre.full.win32.x86_64_17.0.8.v20230831-1047\jre\bin\server

VM Arguments:
jvm_args: -Dcom.sun.management.jmxremote -Dcom.sun.management.jmxremote.port=62324 -Dcom.sun.management.jmxremote.authenticate=false -Dcom.sun.management.jmxremote.ssl=false -Djava.rmi.server.hostname=localhost -Dspring.jmx.enabled=true -Dmanagement.endpoints.jmx.exposure.include=* -Dspring.application.admin.enabled=true -XX:TieredStopAtLevel=1 -Dspring.boot.project.name=backendproject -Dfile.encoding=UTF-8 -Dstdout.encoding=UTF-8 -Dstderr.encoding=UTF-8 -XX:+ShowCodeDetailsInExceptionMessages 
java_command: com.aishu.www.BackendprojectApplication --spring.output.ansi.enabled=always
java_class_path (initial): C:\Users\user\Downloads\backend\backendproject\target\classes;C:\Users\user\.m2\repository\org\springframework\boot\spring-boot-starter-data-jpa\3.2.0\spring-boot-starter-data-jpa-3.2.0.jar;C:\Users\user\.m2\repository\org\springframework\boot\spring-boot-starter-aop\3.2.0\spring-boot-starter-aop-3.2.0.jar;C:\Users\user\.m2\repository\org\springframework\spring-aop\6.1.1\spring-aop-6.1.1.jar;C:\Users\user\.m2\repository\org\aspectj\aspectjweaver\1.9.20.1\aspectjweaver-1.9.20.1.jar;C:\Users\user\.m2\repository\org\springframework\boot\spring-boot-starter-jdbc\3.2.0\spring-boot-starter-jdbc-3.2.0.jar;C:\Users\user\.m2\repository\com\zaxxer\HikariCP\5.0.1\HikariCP-5.0.1.jar;C:\Users\user\.m2\repository\org\springframework\spring-jdbc\6.1.1\spring-jdbc-6.1.1.jar;C:\Users\user\.m2\repository\org\hibernate\orm\hibernate-core\6.3.1.Final\hibernate-core-6.3.1.Final.jar;C:\Users\user\.m2\repository\jakarta\persistence\jakarta.persistence-api\3.1.0\jakarta.persistence-api-3.1.0.jar;C:\Users\user\.m2\repository\jakarta\transaction\jakarta.transaction-api\2.0.1\jakarta.transaction-api-2.0.1.jar;C:\Users\user\.m2\repository\org\jboss\logging\jboss-logging\3.5.3.Final\jboss-logging-3.5.3.Final.jar;C:\Users\user\.m2\repository\org\hibernate\common\hibernate-commons-annotations\6.0.6.Final\hibernate-commons-annotations-6.0.6.Final.jar;C:\Users\user\.m2\repository\io\smallrye\jandex\3.1.2\jandex-3.1.2.jar;C:\Users\user\.m2\repository\com\fasterxml\classmate\1.6.0\classmate-1.6.0.jar;C:\Users\user\.m2\repository\net\bytebuddy\byte-buddy\1.14.10\byte-buddy-1.14.10.jar;C:\Users\user\.m2\repository\org\glassfish\jaxb\jaxb-runtime\4.0.4\jaxb-runtime-4.0.4.jar;C:\Users\user\.m2\repository\org\glassfish\jaxb\jaxb-core\4.0.4\jaxb-core-4.0.4.jar;C:\Users\user\.m2\repository\org\eclipse\angus\angus-activation\2.0.1\angus-activation-2.0.1.jar;C:\Users\user\.m2\repository\org\glassfish\jaxb\txw2\4.0.4\txw2-4.0.4.jar;C:\Users\user\.m2\repository\com\sun\istack\istack
Launcher Type: SUN_STANDARD

[Global flags]
     intx CICompilerCount                          = 3                                         {product} {ergonomic}
     uint ConcGCThreads                            = 1                                         {product} {ergonomic}
     uint G1ConcRefinementThreads                  = 4                                         {product} {ergonomic}
   size_t G1HeapRegionSize                         = 1048576                                   {product} {ergonomic}
    uintx GCDrainStackTargetSize                   = 64                                        {product} {ergonomic}
   size_t InitialHeapSize                          = 134217728                                 {product} {ergonomic}
     bool ManagementServer                         = true                                      {product} {command line}
   size_t MarkStackSize                            = 4194304                                   {product} {ergonomic}
   size_t MaxHeapSize                              = 2118123520                                {product} {ergonomic}
   size_t MaxNewSize                               = 1270874112                                {product} {ergonomic}
   size_t MinHeapDeltaBytes                        = 1048576                                   {product} {ergonomic}
   size_t MinHeapSize                              = 8388608                                   {product} {ergonomic}
    uintx NonProfiledCodeHeapSize                  = 0                                      {pd product} {ergonomic}
     bool ProfileInterpreter                       = false                                  {pd product} {command line}
    uintx ProfiledCodeHeapSize                     = 0                                      {pd product} {ergonomic}
     bool ShowCodeDetailsInExceptionMessages       = true                                   {manageable} {command line}
   size_t SoftMaxHeapSize                          = 2118123520                             {manageable} {ergonomic}
     intx TieredStopAtLevel                        = 1                                         {product} {command line}
     bool UseCompressedClassPointers               = true                           {product lp64_product} {ergonomic}
     bool UseCompressedOops                        = true                           {product lp64_product} {ergonomic}
     bool UseG1GC                                  = true                                      {product} {ergonomic}
     bool UseLargePagesIndividualAllocation        = false                                  {pd product} {ergonomic}

Logging:
Log output configuration:
 #0: stdout all=warning uptime,level,tags
 #1: stderr all=off uptime,level,tags

Environment Variables:
JAVA_HOME=C:\Program Files\Java\jdk-20
CLASSPATH=C:\Program Files\Java\jdk1.8.0_181\lib;
PATH=C:/Users/user/Downloads/sts-4.20.1.RELEASE//plugins/org.eclipse.justj.openjdk.hotspot.jre.full.win32.x86_64_17.0.8.v20230831-1047/jre/bin/server;C:/Users/user/Downloads/sts-4.20.1.RELEASE//plugins/org.eclipse.justj.openjdk.hotspot.jre.full.win32.x86_64_17.0.8.v20230831-1047/jre/bin;C:\Program Files\Java\jdk1.8.0_181\bin;C:\Program Files\nodejs\;  C:\Program Files\nodejs;C:\Users\user\AppData\Roaming\npm;;C:\Users\user\Downloads\sts-4.20.1.RELEASE;
USERNAME=user
OS=Windows_NT
PROCESSOR_IDENTIFIER=Intel64 Family 6 Model 78 Stepping 3, GenuineIntel
TMP=C:\Users\user\AppData\Local\Temp
TEMP=C:\Users\user\AppData\Local\Temp



---------------  S Y S T E M  ---------------

OS:
 Windows 10 , 64 bit Build 19041 (10.0.19041.3636)
OS uptime: 7 days 6:16 hours

CPU: total 4 (initial active 4) (2 cores per cpu, 2 threads per core) family 6 model 78 stepping 3 microcode 0xcc, cx8, cmov, fxsr, ht, mmx, 3dnowpref, sse, sse2, sse3, ssse3, sse4.1, sse4.2, popcnt, lzcnt, tsc, tscinvbit, avx, avx2, aes, erms, clmul, bmi1, bmi2, adx, fma, vzeroupper, clflush, clflushopt
Processor Information for all 4 processors :
  Max Mhz: 2401, Current Mhz: 2401, Mhz Limit: 2401

Memory: 4k page, system-wide physical 8074M (1577M free)
TotalPageFile size 9354M (AvailPageFile size 2M)
current process WorkingSet (physical memory assigned to process): 81M, peak: 81M
current process commit charge ("private bytes"): 217M, peak: 217M

vm_info: OpenJDK 64-Bit Server VM (17.0.8.1+1) for windows-amd64 JRE (17.0.8.1+1), built on Aug 23 2023 15:29:17 by "admin" with MS VC++ 16.7 (VS2019)

END.
